<?xml version="1.0" encoding="UTF-8"?>
<!-- Generated by org.testng.reporters.JUnitXMLReporter -->
<testsuite hostname="US00208404" ignored="0" name="Default test" tests="3" failures="0" timestamp="22 Jun 2018 20:20:09 GMT" time="0.069" errors="0">
  <testcase name="testCreateTopic" time="0.018" classname="com.kafkaDemo.kafkaTest"/>
  <testcase name="testProducer" time="0.004" classname="com.kafkaDemo.kafkaTest"/>
  <testcase name="testConsumer" time="0.001" classname="com.kafkaDemo.kafkaTest"/>
</testsuite> <!-- Default test -->
